<?xml version="1.0" encoding="UTF-8"?>
<TestRun id="ebef9d12-a993-45b4-ae64-e777d7e0151b" name="Chaiwat.Kh@PC_011 2012-11-08 13:40:43" runUser="CARPASSAD\Chaiwat.Kh" xmlns="http://microsoft.com/schemas/VisualStudio/TeamTest/2010">
  <TestSettings name="Local" id="cf0010f8-2bca-4073-94b8-a3e721ba155c">
    <Description>These are default test settings for a local test run.</Description>
    <Deployment enabled="false" runDeploymentRoot="Chaiwat.Kh_PC_011 2012-11-08 13_40_43">
      <DeploymentItem filename="D:\github_new20120612\DevicesSimulation\DevicesSimulation\lib\FluentNHibernate.dll" />
      <DeploymentItem filename="D:\github_new20120612\DevicesSimulation\DevicesSimulation\lib\System.Data.SQLite.Linq.dll" />
      <DeploymentItem filename="D:\github_new20120612\DevicesSimulation\DevicesSimulation\lib\Iesi.Collections.dll" />
      <DeploymentItem filename="D:\github_new20120612\DevicesSimulation\DevicesSimulation\lib\System.Data.SQLite.dll" />
      <DeploymentItem filename="D:\github_new20120612\DevicesSimulation\DevicesSimulation\lib\NHibernate.dll" />
      <DeploymentItem filename="D:\github_new20120612\DevicesSimulation\DevicesSimulation\DeviceSimulation.Domain\bin\Debug\DeviceSimulation.Domain.dll" />
      <DeploymentItem filename="D:\github_new20120612\DevicesSimulation\DevicesSimulation\DevicesSimulation.Services\bin\Debug\DevicesSimulation.Services.dll" />
    </Deployment>
    <Execution>
      <TestTypeSpecific />
      <AgentRule name="Execution Agents">
      </AgentRule>
    </Execution>
  </TestSettings>
  <Times creation="2012-11-08T13:40:43.7741569+07:00" queuing="2012-11-08T13:40:46.0964411+07:00" start="2012-11-08T13:40:46.4081571+07:00" finish="2012-11-08T13:41:00.4509629+07:00" />
  <ResultSummary outcome="Error">
    <Counters total="1" executed="1" error="0" failed="0" timeout="0" aborted="1" inconclusive="0" passedButRunAborted="0" notRunnable="0" notExecuted="0" disconnected="0" warning="0" passed="0" completed="0" inProgress="0" pending="0" />
    <RunInfos>
      <RunInfo computerName="PC_011" outcome="Error" timestamp="2012-11-08T13:41:00.4353771+07:00">
        <Text>Test host process exited unexpectedly.</Text>
      </RunInfo>
    </RunInfos>
  </ResultSummary>
  <TestDefinitions>
    <UnitTest name="GetByIdDeviceSimulatorIncludeChild" storage="d:\github_new20120612\devicessimulation\devicessimulation\devicesimulation.service.test\bin\debug\devicesimulation.service.test.dll" id="693c2a50-610d-16d3-9d24-ab5c16257b12">
      <Execution id="53f22de6-ca09-4b5a-a1a8-5366ecc7fa04" />
      <TestMethod codeBase="D:/github_new20120612/DevicesSimulation/DevicesSimulation/DeviceSimulation.Service.Test/bin/Debug/DeviceSimulation.Service.Test.DLL" adapterTypeName="Microsoft.VisualStudio.TestTools.TestTypes.Unit.UnitTestAdapter, Microsoft.VisualStudio.QualityTools.Tips.UnitTest.Adapter, Version=10.0.0.0, Culture=neutral, PublicKeyToken=b03f5f7f11d50a3a" className="DeviceSimulation.Service.Test.UnitTest1, DeviceSimulation.Service.Test, Version=1.0.0.0, Culture=neutral, PublicKeyToken=null" name="GetByIdDeviceSimulatorIncludeChild" />
    </UnitTest>
  </TestDefinitions>
  <TestLists>
    <TestList name="Results Not in a List" id="8c84fa94-04c1-424b-9868-57a2d4851a1d" />
    <TestList name="All Loaded Results" id="19431567-8539-422a-85d7-44ee4e166bda" />
  </TestLists>
  <TestEntries>
    <TestEntry testId="693c2a50-610d-16d3-9d24-ab5c16257b12" executionId="53f22de6-ca09-4b5a-a1a8-5366ecc7fa04" testListId="8c84fa94-04c1-424b-9868-57a2d4851a1d" />
  </TestEntries>
  <Results>
    <UnitTestResult executionId="53f22de6-ca09-4b5a-a1a8-5366ecc7fa04" testId="693c2a50-610d-16d3-9d24-ab5c16257b12" testName="GetByIdDeviceSimulatorIncludeChild" computerName="PC_011" duration="00:00:13.7622614" startTime="2012-11-08T13:40:46.6887015+07:00" endTime="2012-11-08T13:41:00.4509629+07:00" testType="13cdc9d9-ddb5-4fa4-a97d-d965ccfc6d4b" outcome="Aborted" testListId="8c84fa94-04c1-424b-9868-57a2d4851a1d" relativeResultsDirectory="53f22de6-ca09-4b5a-a1a8-5366ecc7fa04">
    </UnitTestResult>
  </Results>
</TestRun>