<?xml version="1.0" encoding="UTF-8"?>
<TestRun id="aac403da-685a-4876-ab14-303f16e0c8d9" name="Chaiwat.Kh@PC_011 2012-11-06 17:07:21" runUser="CARPASSAD\Chaiwat.Kh" xmlns="http://microsoft.com/schemas/VisualStudio/TeamTest/2010">
  <TestSettings name="Local" id="cf0010f8-2bca-4073-94b8-a3e721ba155c">
    <Description>These are default test settings for a local test run.</Description>
    <Deployment enabled="false" runDeploymentRoot="Chaiwat.Kh_PC_011 2012-11-06 17_07_21">
      <DeploymentItem filename="D:\github_new20120612\DevicesSimulation\DevicesSimulation\DeviceSimulation.Domain\bin\Debug\DeviceSimulation.Domain.dll" />
      <DeploymentItem filename="D:\github_new20120612\DevicesSimulation\DevicesSimulation\DevicesSimulationApp.Test\lib\EntityFramework.dll" />
      <DeploymentItem filename="D:\github_new20120612\DevicesSimulation\DevicesSimulation\DeviceSimulation.Infrastructure\bin\Debug\DeviceSimulation.Infrastructure.dll" />
    </Deployment>
    <Execution>
      <TestTypeSpecific />
      <AgentRule name="Execution Agents">
      </AgentRule>
    </Execution>
  </TestSettings>
  <Times creation="2012-11-06T17:07:21.0405613+07:00" queuing="2012-11-06T17:07:21.1965183+07:00" start="2012-11-06T17:07:21.2433054+07:00" finish="2012-11-06T17:07:23.8477873+07:00" />
  <ResultSummary outcome="Completed">
    <Counters total="1" executed="1" passed="1" error="0" failed="0" timeout="0" aborted="0" inconclusive="0" passedButRunAborted="0" notRunnable="0" notExecuted="0" disconnected="0" warning="0" completed="0" inProgress="0" pending="0" />
  </ResultSummary>
  <TestDefinitions>
    <UnitTest name="AddSimDoc" storage="d:\github_new20120612\devicessimulation\devicessimulation\devicessimulationapp.test\bin\debug\devicessimulationapp.test.dll" id="6d566559-a733-b523-b55c-68a63d4f7983">
      <Execution id="bc87cbe4-584b-4fc1-a21a-cc7fcfae648c" />
      <TestMethod codeBase="D:/github_new20120612/DevicesSimulation/DevicesSimulation/DevicesSimulationApp.Test/bin/Debug/DevicesSimulationApp.Test.DLL" adapterTypeName="Microsoft.VisualStudio.TestTools.TestTypes.Unit.UnitTestAdapter, Microsoft.VisualStudio.QualityTools.Tips.UnitTest.Adapter, Version=10.0.0.0, Culture=neutral, PublicKeyToken=b03f5f7f11d50a3a" className="DevicesSimulationApp.Test.SQLiteInfra, DevicesSimulationApp.Test, Version=1.0.0.0, Culture=neutral, PublicKeyToken=null" name="AddSimDoc" />
    </UnitTest>
  </TestDefinitions>
  <TestLists>
    <TestList name="Results Not in a List" id="8c84fa94-04c1-424b-9868-57a2d4851a1d" />
    <TestList name="All Loaded Results" id="19431567-8539-422a-85d7-44ee4e166bda" />
  </TestLists>
  <TestEntries>
    <TestEntry testId="6d566559-a733-b523-b55c-68a63d4f7983" executionId="bc87cbe4-584b-4fc1-a21a-cc7fcfae648c" testListId="8c84fa94-04c1-424b-9868-57a2d4851a1d" />
  </TestEntries>
  <Results>
    <UnitTestResult executionId="bc87cbe4-584b-4fc1-a21a-cc7fcfae648c" testId="6d566559-a733-b523-b55c-68a63d4f7983" testName="AddSimDoc" computerName="PC_011" duration="00:00:01.4258252" startTime="2012-11-06T17:07:21.7579635+07:00" endTime="2012-11-06T17:07:23.8165959+07:00" testType="13cdc9d9-ddb5-4fa4-a97d-d965ccfc6d4b" outcome="Passed" testListId="8c84fa94-04c1-424b-9868-57a2d4851a1d" relativeResultsDirectory="bc87cbe4-584b-4fc1-a21a-cc7fcfae648c">
    </UnitTestResult>
  </Results>
</TestRun>