<?xml version="1.0" encoding="UTF-8"?>
<TestRun id="56a01c88-1a07-4bf5-8f84-6ecd81565b99" name="Chaiwat.Kh@PC_011 2012-11-08 10:09:37" runUser="CARPASSAD\Chaiwat.Kh" xmlns="http://microsoft.com/schemas/VisualStudio/TeamTest/2010">
  <TestSettings name="Local" id="cf0010f8-2bca-4073-94b8-a3e721ba155c">
    <Description>These are default test settings for a local test run.</Description>
    <Deployment enabled="false" runDeploymentRoot="Chaiwat.Kh_PC_011 2012-11-08 10_09_37">
      <DeploymentItem filename="D:\github_new20120612\DevicesSimulation\DevicesSimulation\lib\FluentNHibernate.dll" />
      <DeploymentItem filename="D:\github_new20120612\DevicesSimulation\DevicesSimulation\lib\System.Data.SQLite.Linq.dll" />
      <DeploymentItem filename="D:\github_new20120612\DevicesSimulation\DevicesSimulation\lib\Iesi.Collections.dll" />
      <DeploymentItem filename="D:\github_new20120612\DevicesSimulation\DevicesSimulation\lib\System.Data.SQLite.dll" />
      <DeploymentItem filename="D:\github_new20120612\DevicesSimulation\DevicesSimulation\lib\NHibernate.dll" />
      <DeploymentItem filename="D:\github_new20120612\DevicesSimulation\DevicesSimulation\DeviceSimulation.Domain\bin\Debug\DeviceSimulation.Domain.dll" />
      <DeploymentItem filename="D:\github_new20120612\DevicesSimulation\DevicesSimulation\DevicesSimulation.Services\bin\Debug\DevicesSimulation.Services.dll" />
    </Deployment>
    <Execution>
      <TestTypeSpecific />
      <AgentRule name="Execution Agents">
      </AgentRule>
    </Execution>
  </TestSettings>
  <Times creation="2012-11-08T10:09:37.7206159+07:00" queuing="2012-11-08T10:09:37.8133615+07:00" start="2012-11-08T10:09:37.8906495+07:00" finish="2012-11-08T10:09:43.0844031+07:00" />
  <ResultSummary outcome="Failed">
    <Counters total="1" executed="1" error="0" failed="1" timeout="0" aborted="0" inconclusive="0" passedButRunAborted="0" notRunnable="0" notExecuted="0" disconnected="0" warning="0" passed="0" completed="0" inProgress="0" pending="0" />
  </ResultSummary>
  <TestDefinitions>
    <UnitTest name="GetAllDeviceSimulatorService" storage="d:\github_new20120612\devicessimulation\devicessimulation\devicesimulation.service.test\bin\debug\devicesimulation.service.test.dll" id="db8a2394-3ca1-583c-0082-fd47eb057057">
      <Execution id="86e812a4-f0d9-44a7-87b9-635c42f42bb8" />
      <TestMethod codeBase="D:/github_new20120612/DevicesSimulation/DevicesSimulation/DeviceSimulation.Service.Test/bin/Debug/DeviceSimulation.Service.Test.DLL" adapterTypeName="Microsoft.VisualStudio.TestTools.TestTypes.Unit.UnitTestAdapter, Microsoft.VisualStudio.QualityTools.Tips.UnitTest.Adapter, Version=10.0.0.0, Culture=neutral, PublicKeyToken=b03f5f7f11d50a3a" className="DeviceSimulation.Service.Test.UnitTest1, DeviceSimulation.Service.Test, Version=1.0.0.0, Culture=neutral, PublicKeyToken=null" name="GetAllDeviceSimulatorService" />
    </UnitTest>
  </TestDefinitions>
  <TestLists>
    <TestList name="Results Not in a List" id="8c84fa94-04c1-424b-9868-57a2d4851a1d" />
    <TestList name="All Loaded Results" id="19431567-8539-422a-85d7-44ee4e166bda" />
  </TestLists>
  <TestEntries>
    <TestEntry testId="db8a2394-3ca1-583c-0082-fd47eb057057" executionId="86e812a4-f0d9-44a7-87b9-635c42f42bb8" testListId="8c84fa94-04c1-424b-9868-57a2d4851a1d" />
  </TestEntries>
  <Results>
    <UnitTestResult executionId="86e812a4-f0d9-44a7-87b9-635c42f42bb8" testId="db8a2394-3ca1-583c-0082-fd47eb057057" testName="GetAllDeviceSimulatorService" computerName="PC_011" duration="00:00:04.2996195" startTime="2012-11-08T10:09:37.9215647+07:00" endTime="2012-11-08T10:09:43.0534879+07:00" testType="13cdc9d9-ddb5-4fa4-a97d-d965ccfc6d4b" outcome="Failed" testListId="8c84fa94-04c1-424b-9868-57a2d4851a1d" relativeResultsDirectory="86e812a4-f0d9-44a7-87b9-635c42f42bb8">
      <Output>
        <ErrorInfo>
          <Message>Test method DeviceSimulation.Service.Test.UnitTest1.GetAllDeviceSimulatorService threw exception: 
NHibernate.QueryException: could not resolve property:  of: DeviceSimulation.Domain.DeviceSimulator</Message>
          <StackTrace>    at NHibernate.Persister.Entity.AbstractPropertyMapping.ToType(String propertyName)
   at NHibernate.Persister.Entity.AbstractEntityPersister.ToType(String propertyName)
   at NHibernate.Loader.Criteria.CriteriaQueryTranslator.GetType(ICriteria subcriteria, String propertyName)
   at NHibernate.Criterion.PropertyProjection.GetTypes(ICriteria criteria, ICriteriaQuery criteriaQuery)
   at NHibernate.Loader.Criteria.CriteriaJoinWalker..ctor(IOuterJoinLoadable persister, CriteriaQueryTranslator translator, ISessionFactoryImplementor factory, ICriteria criteria, String rootEntityName, IDictionary`2 enabledFilters)
   at NHibernate.Loader.Criteria.CriteriaLoader..ctor(IOuterJoinLoadable persister, ISessionFactoryImplementor factory, CriteriaImpl rootCriteria, String rootEntityName, IDictionary`2 enabledFilters)
   at NHibernate.Impl.StatelessSessionImpl.List(CriteriaImpl criteria, IList results)
   at NHibernate.Impl.CriteriaImpl.List(IList results)
   at NHibernate.Impl.CriteriaImpl.List[T]()
   at NHibernate.Criterion.QueryOver`1.List()
   at NHibernate.Criterion.QueryOver`1.NHibernate.IQueryOver&lt;TRoot&gt;.List()
   at DevicesSimulation.Services.DeviceSimService.GetAllDeviceSimulator() in D:\github_new20120612\DevicesSimulation\DevicesSimulation\DevicesSimulation.Services\DeviceSimService.cs:line 69
   at DeviceSimulation.Service.Test.UnitTest1.GetAllDeviceSimulatorService() in D:\github_new20120612\DevicesSimulation\DevicesSimulation\DeviceSimulation.Service.Test\UnitTest1.cs:line 21
</StackTrace>
        </ErrorInfo>
      </Output>
    </UnitTestResult>
  </Results>
</TestRun>