<?xml version="1.0" encoding="UTF-8"?>
<TestRun id="285cfd62-4b67-48e4-a99d-2829aeb017f3" name="Chaiwat.Kh@PC_011 2012-11-06 14:40:17" runUser="CARPASSAD\Chaiwat.Kh" xmlns="http://microsoft.com/schemas/VisualStudio/TeamTest/2010">
  <TestSettings name="Local" id="cf0010f8-2bca-4073-94b8-a3e721ba155c">
    <Description>These are default test settings for a local test run.</Description>
    <Deployment enabled="false" runDeploymentRoot="Chaiwat.Kh_PC_011 2012-11-06 14_40_17">
      <DeploymentItem filename="D:\github_new20120612\DevicesSimulation\DevicesSimulation\DevicesSimulationApp.Test\lib\EntityFramework.dll" />
      <DeploymentItem filename="D:\github_new20120612\DevicesSimulation\DevicesSimulation\DeviceSimulation.Domain\bin\Debug\DeviceSimulation.Domain.dll" />
    </Deployment>
    <Execution>
      <TestTypeSpecific />
      <AgentRule name="Execution Agents">
      </AgentRule>
    </Execution>
  </TestSettings>
  <Times creation="2012-11-06T14:40:17.2464297+07:00" queuing="2012-11-06T14:40:19.4765290+07:00" start="2012-11-06T14:40:19.8975967+07:00" finish="2012-11-06T14:41:19.6112346+07:00" />
  <ResultSummary outcome="Error">
    <Counters total="1" executed="1" error="0" failed="0" timeout="0" aborted="1" inconclusive="0" passedButRunAborted="0" notRunnable="0" notExecuted="0" disconnected="0" warning="0" passed="0" completed="0" inProgress="0" pending="0" />
    <RunInfos>
      <RunInfo computerName="PC_011" outcome="Error" timestamp="2012-11-06T14:41:19.5956395+07:00">
        <Text>Test host process exited unexpectedly.</Text>
      </RunInfo>
    </RunInfos>
  </ResultSummary>
  <TestDefinitions>
    <UnitTest name="TestContext" storage="d:\github_new20120612\devicessimulation\devicessimulation\devicessimulationapp.test\bin\debug\devicessimulationapp.test.dll" id="c16d4fa8-81f0-0851-aabe-9646391f29a6">
      <Execution id="badba1aa-aa12-4a61-8580-d147f3a360c0" />
      <TestMethod codeBase="D:/github_new20120612/DevicesSimulation/DevicesSimulation/DevicesSimulationApp.Test/bin/Debug/DevicesSimulationApp.Test.DLL" adapterTypeName="Microsoft.VisualStudio.TestTools.TestTypes.Unit.UnitTestAdapter, Microsoft.VisualStudio.QualityTools.Tips.UnitTest.Adapter, Version=10.0.0.0, Culture=neutral, PublicKeyToken=b03f5f7f11d50a3a" className="DevicesSimulationApp.Test.SQLiteTest, DevicesSimulationApp.Test, Version=1.0.0.0, Culture=neutral, PublicKeyToken=null" name="TestContext" />
    </UnitTest>
  </TestDefinitions>
  <TestLists>
    <TestList name="Results Not in a List" id="8c84fa94-04c1-424b-9868-57a2d4851a1d" />
    <TestList name="All Loaded Results" id="19431567-8539-422a-85d7-44ee4e166bda" />
  </TestLists>
  <TestEntries>
    <TestEntry testId="c16d4fa8-81f0-0851-aabe-9646391f29a6" executionId="badba1aa-aa12-4a61-8580-d147f3a360c0" testListId="8c84fa94-04c1-424b-9868-57a2d4851a1d" />
  </TestEntries>
  <Results>
    <UnitTestResult executionId="badba1aa-aa12-4a61-8580-d147f3a360c0" testId="c16d4fa8-81f0-0851-aabe-9646391f29a6" testName="TestContext" computerName="PC_011" duration="00:00:59.4329261" startTime="2012-11-06T14:40:20.1783085+07:00" endTime="2012-11-06T14:41:19.6112346+07:00" testType="13cdc9d9-ddb5-4fa4-a97d-d965ccfc6d4b" outcome="Aborted" testListId="8c84fa94-04c1-424b-9868-57a2d4851a1d" relativeResultsDirectory="badba1aa-aa12-4a61-8580-d147f3a360c0">
    </UnitTestResult>
  </Results>
</TestRun>