<?xml version="1.0" encoding="UTF-8"?>
<TestRun id="50290142-d352-495e-b033-213e14f9e372" name="Chaiwat.Kh@PC_011 2012-11-08 10:06:57" runUser="CARPASSAD\Chaiwat.Kh" xmlns="http://microsoft.com/schemas/VisualStudio/TeamTest/2010">
  <TestSettings name="Local" id="cf0010f8-2bca-4073-94b8-a3e721ba155c">
    <Description>These are default test settings for a local test run.</Description>
    <Deployment enabled="false" runDeploymentRoot="Chaiwat.Kh_PC_011 2012-11-08 10_06_57">
      <DeploymentItem filename="D:\github_new20120612\DevicesSimulation\DevicesSimulation\lib\SQLite.Designer.dll" />
      <DeploymentItem filename="D:\github_new20120612\DevicesSimulation\DevicesSimulation\lib\System.Data.SQLite.dll" />
      <DeploymentItem filename="D:\github_new20120612\DevicesSimulation\DevicesSimulation\lib\NHibernate.dll" />
      <DeploymentItem filename="D:\github_new20120612\DevicesSimulation\DevicesSimulation\lib\System.Data.SQLite.Linq.dll" />
      <DeploymentItem filename="D:\github_new20120612\DevicesSimulation\DevicesSimulation\lib\Iesi.Collections.dll" />
      <DeploymentItem filename="D:\github_new20120612\DevicesSimulation\DevicesSimulation\DeviceSimulation.Domain\bin\Debug\DeviceSimulation.Domain.dll" />
      <DeploymentItem filename="D:\github_new20120612\DevicesSimulation\DevicesSimulation\DeviceSimulation.Infrastructure\bin\Debug\DeviceSimulation.Infrastructure.dll" />
      <DeploymentItem filename="D:\github_new20120612\DevicesSimulation\DevicesSimulation\lib\FluentNHibernate.dll" />
    </Deployment>
    <Execution>
      <TestTypeSpecific />
      <AgentRule name="Execution Agents">
      </AgentRule>
    </Execution>
  </TestSettings>
  <Times creation="2012-11-08T10:06:57.2776080+07:00" queuing="2012-11-08T10:06:57.4494687+07:00" start="2012-11-08T10:06:57.5275872+07:00" finish="2012-11-08T10:07:01.4803833+07:00" />
  <ResultSummary outcome="Completed">
    <Counters total="1" executed="1" passed="1" error="0" failed="0" timeout="0" aborted="0" inconclusive="0" passedButRunAborted="0" notRunnable="0" notExecuted="0" disconnected="0" warning="0" completed="0" inProgress="0" pending="0" />
  </ResultSummary>
  <TestDefinitions>
    <UnitTest name="TestSimpleSave" storage="d:\github_new20120612\devicessimulation\devicessimulation\devicesimulation.infra.test\bin\debug\devicesimulation.infra.test.dll" id="616a0991-8857-4e1d-6cc8-ee747a7a2aba">
      <Execution id="bf329800-d77d-4328-94b8-dcaad82c1baf" />
      <TestMethod codeBase="D:/github_new20120612/DevicesSimulation/DevicesSimulation/DeviceSimulation.Infra.Test/bin/Debug/DeviceSimulation.Infra.Test.DLL" adapterTypeName="Microsoft.VisualStudio.TestTools.TestTypes.Unit.UnitTestAdapter, Microsoft.VisualStudio.QualityTools.Tips.UnitTest.Adapter, Version=10.0.0.0, Culture=neutral, PublicKeyToken=b03f5f7f11d50a3a" className="DeviceSimulation.Infra.Test.UnitTest1, DeviceSimulation.Infra.Test, Version=1.0.0.0, Culture=neutral, PublicKeyToken=null" name="TestSimpleSave" />
    </UnitTest>
  </TestDefinitions>
  <TestLists>
    <TestList name="Results Not in a List" id="8c84fa94-04c1-424b-9868-57a2d4851a1d" />
    <TestList name="All Loaded Results" id="19431567-8539-422a-85d7-44ee4e166bda" />
  </TestLists>
  <TestEntries>
    <TestEntry testId="616a0991-8857-4e1d-6cc8-ee747a7a2aba" executionId="bf329800-d77d-4328-94b8-dcaad82c1baf" testListId="8c84fa94-04c1-424b-9868-57a2d4851a1d" />
  </TestEntries>
  <Results>
    <UnitTestResult executionId="bf329800-d77d-4328-94b8-dcaad82c1baf" testId="616a0991-8857-4e1d-6cc8-ee747a7a2aba" testName="TestSimpleSave" computerName="PC_011" duration="00:00:03.5256267" startTime="2012-11-08T10:06:57.5588346+07:00" endTime="2012-11-08T10:07:01.4491359+07:00" testType="13cdc9d9-ddb5-4fa4-a97d-d965ccfc6d4b" outcome="Passed" testListId="8c84fa94-04c1-424b-9868-57a2d4851a1d" relativeResultsDirectory="bf329800-d77d-4328-94b8-dcaad82c1baf">
    </UnitTestResult>
  </Results>
</TestRun>